2024-08-08 07:42:50.507 [info] Log level: Info
2024-08-08 07:42:50.507 [info] Validating found git in: "git"
2024-08-08 07:42:50.507 [info] Using git "2.25.1" from "git"
2024-08-08 07:42:50.507 [info] > git rev-parse --show-toplevel [2ms]
2024-08-08 07:42:50.507 [info] fatal: not a git repository (or any of the parent directories): .git
2024-08-08 07:42:50.507 [info] > git rev-parse --show-toplevel [1ms]
2024-08-08 07:42:50.507 [info] fatal: not a git repository (or any of the parent directories): .git
2024-08-08 07:42:50.507 [info] > git rev-parse --show-toplevel [1ms]
2024-08-08 07:42:50.507 [info] fatal: not a git repository (or any of the parent directories): .git
2024-08-08 07:42:50.507 [info] > git rev-parse --show-toplevel [1ms]
2024-08-08 07:42:50.507 [info] fatal: not a git repository (or any of the parent directories): .git
2024-08-08 07:42:50.507 [info] > git rev-parse --show-toplevel [1ms]
2024-08-08 07:42:50.507 [info] fatal: not a git repository (or any of the parent directories): .git
2024-08-08 09:17:14.560 [info] > git rev-parse --show-toplevel [1ms]
2024-08-08 09:17:14.560 [info] fatal: not a git repository (or any of the parent directories): .git
2024-08-08 11:55:04.139 [info] > git rev-parse --show-toplevel [2ms]
2024-08-08 11:55:04.139 [info] fatal: not a git repository (or any of the parent directories): .git
2024-08-08 11:55:08.521 [info] > git rev-parse --show-toplevel [2ms]
2024-08-08 11:55:08.521 [info] fatal: not a git repository (or any of the parent directories): .git
2024-08-08 11:55:26.882 [info] > git rev-parse --show-toplevel [2ms]
2024-08-08 11:55:26.882 [info] fatal: not a git repository (or any of the parent directories): .git
2024-08-08 12:02:23.646 [info] > git rev-parse --show-toplevel [1ms]
2024-08-08 12:02:23.646 [info] fatal: not a git repository (or any of the parent directories): .git
2024-08-08 12:02:43.465 [info] > git rev-parse --show-toplevel [0ms]
2024-08-08 12:02:43.465 [info] fatal: not a git repository (or any of the parent directories): .git
2024-08-08 12:03:03.227 [info] > git rev-parse --show-toplevel [1ms]
2024-08-08 12:03:03.227 [info] fatal: not a git repository (or any of the parent directories): .git
2024-08-08 12:04:20.938 [info] > git rev-parse --show-toplevel [1ms]
2024-08-08 12:04:20.938 [info] fatal: not a git repository (or any of the parent directories): .git
2024-08-08 12:04:41.082 [info] > git rev-parse --show-toplevel [1ms]
2024-08-08 12:04:41.082 [info] fatal: not a git repository (or any of the parent directories): .git
2024-08-08 12:06:52.117 [info] > git rev-parse --show-toplevel [1ms]
2024-08-08 12:06:52.117 [info] fatal: not a git repository (or any of the parent directories): .git
2024-08-08 12:13:54.407 [info] > git rev-parse --show-toplevel [1ms]
2024-08-08 12:13:54.407 [info] fatal: not a git repository (or any of the parent directories): .git
2024-08-08 12:21:56.601 [info] > git rev-parse --show-toplevel [1ms]
2024-08-08 12:21:56.601 [info] fatal: not a git repository (or any of the parent directories): .git
2024-08-08 12:22:01.935 [info] > git rev-parse --show-toplevel [2ms]
2024-08-08 12:22:01.935 [info] fatal: not a git repository (or any of the parent directories): .git
2024-08-08 12:22:08.242 [info] > git rev-parse --show-toplevel [1ms]
2024-08-08 12:22:08.242 [info] fatal: not a git repository (or any of the parent directories): .git
2024-08-08 12:30:49.096 [info] > git rev-parse --show-toplevel [1ms]
2024-08-08 12:30:49.096 [info] fatal: not a git repository (or any of the parent directories): .git
2024-08-08 12:34:27.901 [info] > git rev-parse --show-toplevel [1ms]
2024-08-08 12:34:27.901 [info] fatal: not a git repository (or any of the parent directories): .git
2024-08-08 12:44:13.390 [info] > git rev-parse --show-toplevel [1ms]
2024-08-08 12:44:13.390 [info] fatal: not a git repository (or any of the parent directories): .git
2024-08-08 12:47:40.828 [info] > git rev-parse --show-toplevel [1ms]
2024-08-08 12:47:40.828 [info] fatal: not a git repository (or any of the parent directories): .git
2024-08-08 12:48:05.990 [info] > git rev-parse --show-toplevel [1ms]
2024-08-08 12:48:05.990 [info] fatal: not a git repository (or any of the parent directories): .git
2024-08-08 12:48:52.727 [info] > git rev-parse --show-toplevel [1ms]
2024-08-08 12:48:52.727 [info] fatal: not a git repository (or any of the parent directories): .git
2024-08-08 12:51:05.986 [info] > git rev-parse --show-toplevel [4ms]
2024-08-08 12:51:05.986 [info] fatal: not a git repository (or any of the parent directories): .git
2024-08-08 12:51:14.000 [info] > git rev-parse --show-toplevel [1ms]
2024-08-08 12:51:14.000 [info] fatal: not a git repository (or any of the parent directories): .git
2024-08-08 12:51:18.171 [info] > git rev-parse --show-toplevel [1ms]
2024-08-08 12:51:18.171 [info] fatal: not a git repository (or any of the parent directories): .git
2024-08-08 12:51:21.936 [info] > git rev-parse --show-toplevel [1ms]
2024-08-08 12:51:21.936 [info] fatal: not a git repository (or any of the parent directories): .git
2024-08-08 12:51:33.271 [info] > git rev-parse --show-toplevel [1ms]
2024-08-08 12:51:33.271 [info] fatal: not a git repository (or any of the parent directories): .git
2024-08-08 12:51:37.476 [info] > git rev-parse --show-toplevel [1ms]
2024-08-08 12:51:37.477 [info] fatal: not a git repository (or any of the parent directories): .git
2024-08-08 12:51:43.347 [info] > git rev-parse --show-toplevel [1ms]
2024-08-08 12:51:43.347 [info] fatal: not a git repository (or any of the parent directories): .git
2024-08-08 12:51:52.028 [info] > git rev-parse --show-toplevel [1ms]
2024-08-08 12:51:52.028 [info] fatal: not a git repository (or any of the parent directories): .git
2024-08-08 12:51:55.463 [info] > git rev-parse --show-toplevel [1ms]
2024-08-08 12:51:55.463 [info] fatal: not a git repository (or any of the parent directories): .git
2024-08-08 12:52:01.268 [info] > git rev-parse --show-toplevel [2ms]
2024-08-08 12:52:01.268 [info] fatal: not a git repository (or any of the parent directories): .git
2024-08-08 12:52:21.256 [info] > git rev-parse --show-toplevel [2ms]
2024-08-08 12:52:21.256 [info] fatal: not a git repository (or any of the parent directories): .git
2024-08-08 12:52:23.442 [info] > git rev-parse --show-toplevel [1ms]
2024-08-08 12:52:23.442 [info] fatal: not a git repository (or any of the parent directories): .git
2024-08-08 12:52:27.656 [info] > git rev-parse --show-toplevel [1ms]
2024-08-08 12:52:27.656 [info] fatal: not a git repository (or any of the parent directories): .git
2024-08-08 12:55:39.079 [info] > git rev-parse --show-toplevel [1ms]
2024-08-08 12:55:39.079 [info] fatal: not a git repository (or any of the parent directories): .git
2024-08-08 12:56:54.994 [info] > git rev-parse --show-toplevel [1ms]
2024-08-08 12:56:54.994 [info] fatal: not a git repository (or any of the parent directories): .git
2024-08-08 13:00:19.371 [info] > git rev-parse --show-toplevel [1ms]
2024-08-08 13:00:19.371 [info] fatal: not a git repository (or any of the parent directories): .git
2024-08-08 13:04:03.186 [info] > git rev-parse --show-toplevel [2ms]
2024-08-08 13:04:03.186 [info] fatal: not a git repository (or any of the parent directories): .git
2024-08-08 13:04:04.976 [info] > git rev-parse --show-toplevel [1ms]
2024-08-08 13:04:04.976 [info] fatal: not a git repository (or any of the parent directories): .git
2024-08-08 13:04:07.981 [info] > git rev-parse --show-toplevel [1ms]
2024-08-08 13:04:07.981 [info] fatal: not a git repository (or any of the parent directories): .git
2024-08-08 13:04:08.441 [info] > git rev-parse --show-toplevel [1ms]
2024-08-08 13:04:08.441 [info] fatal: not a git repository (or any of the parent directories): .git
2024-08-08 13:04:24.455 [info] > git rev-parse --show-toplevel [3ms]
2024-08-08 13:04:24.455 [info] fatal: not a git repository (or any of the parent directories): .git
2024-08-08 13:04:28.858 [info] > git rev-parse --show-toplevel [1ms]
2024-08-08 13:04:28.858 [info] fatal: not a git repository (or any of the parent directories): .git
2024-08-08 13:10:59.747 [info] > git rev-parse --show-toplevel [1ms]
2024-08-08 13:10:59.747 [info] fatal: not a git repository (or any of the parent directories): .git
2024-08-08 13:11:02.040 [info] > git rev-parse --show-toplevel [1ms]
2024-08-08 13:11:02.040 [info] fatal: not a git repository (or any of the parent directories): .git
