2024-08-09 23:31:59.138 [info] [main] Log level: Info
2024-08-09 23:31:59.138 [info] [main] Validating found git in: "git"
2024-08-09 23:31:59.138 [info] [main] Using git "2.25.1" from "git"
2024-08-09 23:31:59.138 [info] [Model][doInitialScan] Initial repository scan started
2024-08-09 23:31:59.138 [info] > git rev-parse --show-toplevel [2ms]
2024-08-09 23:31:59.138 [info] fatal: not a git repository (or any of the parent directories): .git
2024-08-09 23:31:59.138 [info] > git rev-parse --show-toplevel [1ms]
2024-08-09 23:31:59.138 [info] fatal: not a git repository (or any of the parent directories): .git
2024-08-09 23:31:59.138 [info] > git rev-parse --show-toplevel [1ms]
2024-08-09 23:31:59.138 [info] fatal: not a git repository (or any of the parent directories): .git
2024-08-09 23:31:59.138 [info] > git rev-parse --show-toplevel [1ms]
2024-08-09 23:31:59.138 [info] fatal: not a git repository (or any of the parent directories): .git
2024-08-09 23:31:59.138 [info] > git rev-parse --show-toplevel [1ms]
2024-08-09 23:31:59.138 [info] fatal: not a git repository (or any of the parent directories): .git
2024-08-09 23:31:59.138 [info] > git rev-parse --show-toplevel [1ms]
2024-08-09 23:31:59.138 [info] fatal: not a git repository (or any of the parent directories): .git
2024-08-09 23:31:59.139 [info] > git rev-parse --show-toplevel [1ms]
2024-08-09 23:31:59.139 [info] fatal: not a git repository (or any of the parent directories): .git
2024-08-09 23:31:59.139 [info] [Model][doInitialScan] Initial repository scan completed - repositories (0), closed repositories (0), parent repositories (0), unsafe repositories (0)
2024-08-09 23:32:13.611 [info] > git rev-parse --show-toplevel [1ms]
2024-08-09 23:32:13.611 [info] fatal: not a git repository (or any of the parent directories): .git
2024-08-09 23:32:40.845 [info] > git rev-parse --show-toplevel [1ms]
2024-08-09 23:32:40.845 [info] fatal: not a git repository (or any of the parent directories): .git
2024-08-09 23:33:25.157 [info] > git rev-parse --show-toplevel [1ms]
2024-08-09 23:33:25.157 [info] fatal: not a git repository (or any of the parent directories): .git
2024-08-09 23:33:34.533 [info] > git rev-parse --show-toplevel [2ms]
2024-08-09 23:33:34.533 [info] fatal: not a git repository (or any of the parent directories): .git
