2024-08-09 09:14:51.782 [info] [main] Log level: Info
2024-08-09 09:14:51.782 [info] [main] Validating found git in: "git"
2024-08-09 09:14:51.782 [info] [main] Using git "2.25.1" from "git"
2024-08-09 09:14:51.782 [info] [Model][doInitialScan] Initial repository scan started
2024-08-09 09:14:51.782 [info] > git rev-parse --show-toplevel [1ms]
2024-08-09 09:14:51.782 [info] fatal: not a git repository (or any of the parent directories): .git
2024-08-09 09:14:51.782 [info] > git rev-parse --show-toplevel [1ms]
2024-08-09 09:14:51.782 [info] fatal: not a git repository (or any of the parent directories): .git
2024-08-09 09:14:51.782 [info] > git rev-parse --show-toplevel [2ms]
2024-08-09 09:14:51.782 [info] fatal: not a git repository (or any of the parent directories): .git
2024-08-09 09:14:51.782 [info] > git rev-parse --show-toplevel [1ms]
2024-08-09 09:14:51.782 [info] fatal: not a git repository (or any of the parent directories): .git
2024-08-09 09:14:51.785 [info] > git rev-parse --show-toplevel [1ms]
2024-08-09 09:14:51.785 [info] fatal: not a git repository (or any of the parent directories): .git
2024-08-09 09:14:51.788 [info] > git rev-parse --show-toplevel [1ms]
2024-08-09 09:14:51.788 [info] fatal: not a git repository (or any of the parent directories): .git
2024-08-09 09:14:51.791 [info] [Model][doInitialScan] Initial repository scan completed - repositories (0), closed repositories (0), parent repositories (0), unsafe repositories (0)
2024-08-09 09:14:52.118 [info] > git rev-parse --show-toplevel [1ms]
2024-08-09 09:14:52.118 [info] fatal: not a git repository (or any of the parent directories): .git
2024-08-09 09:15:04.626 [info] > git rev-parse --show-toplevel [1ms]
2024-08-09 09:15:04.627 [info] fatal: not a git repository (or any of the parent directories): .git
2024-08-09 09:16:06.651 [info] > git rev-parse --show-toplevel [2ms]
2024-08-09 09:16:06.651 [info] fatal: not a git repository (or any of the parent directories): .git
2024-08-09 09:20:12.511 [info] > git rev-parse --show-toplevel [4ms]
2024-08-09 09:20:12.511 [info] fatal: not a git repository (or any of the parent directories): .git
