2024-08-07 12:38:43.141 [info] Log level: Info
2024-08-07 12:38:43.141 [info] Validating found git in: "git"
2024-08-07 12:38:43.141 [info] Using git "2.25.1" from "git"
2024-08-07 12:38:43.141 [info] > git rev-parse --show-toplevel [4ms]
2024-08-07 12:38:43.141 [info] fatal: not a git repository (or any of the parent directories): .git
2024-08-07 12:38:43.141 [info] > git rev-parse --show-toplevel [1ms]
2024-08-07 12:38:43.141 [info] fatal: not a git repository (or any of the parent directories): .git
2024-08-07 12:38:45.383 [info] > git rev-parse --show-toplevel [22ms]
2024-08-07 12:38:45.383 [info] fatal: not a git repository (or any of the parent directories): .git
2024-08-07 12:38:52.614 [info] > git rev-parse --show-toplevel [1ms]
2024-08-07 12:38:52.614 [info] fatal: not a git repository (or any of the parent directories): .git
2024-08-07 12:39:11.555 [info] > git rev-parse --show-toplevel [2ms]
2024-08-07 12:39:11.555 [info] fatal: not a git repository (or any of the parent directories): .git
2024-08-07 12:39:14.621 [info] > git rev-parse --show-toplevel [1ms]
2024-08-07 12:39:14.621 [info] fatal: not a git repository (or any of the parent directories): .git
2024-08-07 12:39:18.300 [info] > git rev-parse --show-toplevel [1ms]
2024-08-07 12:39:18.300 [info] fatal: not a git repository (or any of the parent directories): .git
2024-08-07 12:39:21.114 [info] > git rev-parse --show-toplevel [1ms]
2024-08-07 12:39:21.115 [info] fatal: not a git repository (or any of the parent directories): .git
2024-08-07 12:39:25.335 [info] > git rev-parse --show-toplevel [1ms]
2024-08-07 12:39:25.335 [info] fatal: not a git repository (or any of the parent directories): .git
2024-08-07 12:39:26.583 [info] > git rev-parse --show-toplevel [1ms]
2024-08-07 12:39:26.583 [info] fatal: not a git repository (or any of the parent directories): .git
2024-08-07 12:40:43.435 [info] > git rev-parse --show-toplevel [2ms]
2024-08-07 12:40:43.435 [info] fatal: not a git repository (or any of the parent directories): .git
2024-08-07 12:40:56.651 [info] > git rev-parse --show-toplevel [2ms]
2024-08-07 12:40:56.651 [info] fatal: not a git repository (or any of the parent directories): .git
2024-08-07 12:41:01.379 [info] > git rev-parse --show-toplevel [2ms]
2024-08-07 12:41:01.379 [info] fatal: not a git repository (or any of the parent directories): .git
2024-08-07 12:41:07.609 [info] > git rev-parse --show-toplevel [2ms]
2024-08-07 12:41:07.609 [info] fatal: not a git repository (or any of the parent directories): .git
2024-08-07 12:41:41.219 [info] > git rev-parse --show-toplevel [1ms]
2024-08-07 12:41:41.219 [info] fatal: not a git repository (or any of the parent directories): .git
2024-08-07 12:41:52.645 [info] > git rev-parse --show-toplevel [2ms]
2024-08-07 12:41:52.645 [info] fatal: not a git repository (or any of the parent directories): .git
2024-08-07 12:46:02.784 [info] > git rev-parse --show-toplevel [1ms]
2024-08-07 12:46:02.785 [info] fatal: not a git repository (or any of the parent directories): .git
2024-08-07 12:50:37.413 [info] > git rev-parse --show-toplevel [1ms]
2024-08-07 12:50:37.413 [info] fatal: not a git repository (or any of the parent directories): .git
2024-08-07 12:50:56.418 [info] > git rev-parse --show-toplevel [1ms]
2024-08-07 12:50:56.418 [info] fatal: not a git repository (or any of the parent directories): .git
2024-08-07 12:51:11.071 [info] > git rev-parse --show-toplevel [1ms]
2024-08-07 12:51:11.071 [info] fatal: not a git repository (or any of the parent directories): .git
2024-08-07 12:52:07.480 [info] > git rev-parse --show-toplevel [2ms]
2024-08-07 12:52:07.480 [info] fatal: not a git repository (or any of the parent directories): .git
2024-08-07 12:58:23.626 [info] > git rev-parse --show-toplevel [2ms]
2024-08-07 12:58:23.626 [info] fatal: not a git repository (or any of the parent directories): .git
2024-08-07 13:01:49.978 [info] > git rev-parse --show-toplevel [2ms]
2024-08-07 13:01:49.978 [info] fatal: not a git repository (or any of the parent directories): .git
2024-08-07 13:03:49.651 [info] > git rev-parse --show-toplevel [4ms]
2024-08-07 13:03:49.651 [info] fatal: not a git repository (or any of the parent directories): .git
2024-08-07 13:05:59.513 [info] > git rev-parse --show-toplevel [1ms]
2024-08-07 13:05:59.514 [info] fatal: not a git repository (or any of the parent directories): .git
2024-08-07 13:07:18.983 [info] > git rev-parse --show-toplevel [1ms]
2024-08-07 13:07:18.983 [info] fatal: not a git repository (or any of the parent directories): .git
2024-08-07 13:07:20.860 [info] > git rev-parse --show-toplevel [1ms]
2024-08-07 13:07:20.860 [info] fatal: not a git repository (or any of the parent directories): .git
2024-08-07 13:07:54.601 [info] > git rev-parse --show-toplevel [1ms]
2024-08-07 13:07:54.601 [info] fatal: not a git repository (or any of the parent directories): .git
2024-08-07 13:07:59.949 [info] > git rev-parse --show-toplevel [1ms]
2024-08-07 13:07:59.949 [info] fatal: not a git repository (or any of the parent directories): .git
2024-08-07 13:08:02.075 [info] > git rev-parse --show-toplevel [2ms]
2024-08-07 13:08:02.075 [info] fatal: not a git repository (or any of the parent directories): .git
2024-08-07 13:08:03.310 [info] > git rev-parse --show-toplevel [1ms]
2024-08-07 13:08:03.310 [info] fatal: not a git repository (or any of the parent directories): .git
2024-08-07 13:08:07.735 [info] > git rev-parse --show-toplevel [1ms]
2024-08-07 13:08:07.735 [info] fatal: not a git repository (or any of the parent directories): .git
2024-08-07 13:08:09.314 [info] > git rev-parse --show-toplevel [2ms]
2024-08-07 13:08:09.314 [info] fatal: not a git repository (or any of the parent directories): .git
2024-08-07 13:08:10.983 [info] > git rev-parse --show-toplevel [1ms]
2024-08-07 13:08:10.983 [info] fatal: not a git repository (or any of the parent directories): .git
2024-08-07 13:08:40.689 [info] > git rev-parse --show-toplevel [2ms]
2024-08-07 13:08:40.689 [info] fatal: not a git repository (or any of the parent directories): .git
2024-08-07 13:08:45.628 [info] > git rev-parse --show-toplevel [2ms]
2024-08-07 13:08:45.628 [info] fatal: not a git repository (or any of the parent directories): .git
2024-08-07 13:08:52.366 [info] > git rev-parse --show-toplevel [1ms]
2024-08-07 13:08:52.366 [info] fatal: not a git repository (or any of the parent directories): .git
2024-08-07 13:08:53.606 [info] > git rev-parse --show-toplevel [1ms]
2024-08-07 13:08:53.606 [info] fatal: not a git repository (or any of the parent directories): .git
2024-08-07 13:08:55.502 [info] > git rev-parse --show-toplevel [1ms]
2024-08-07 13:08:55.502 [info] fatal: not a git repository (or any of the parent directories): .git
2024-08-07 13:09:33.673 [info] > git rev-parse --show-toplevel [2ms]
2024-08-07 13:09:33.673 [info] fatal: not a git repository (or any of the parent directories): .git
2024-08-07 13:10:20.326 [info] > git rev-parse --show-toplevel [1ms]
2024-08-07 13:10:20.326 [info] fatal: not a git repository (or any of the parent directories): .git
2024-08-07 13:17:11.680 [info] > git rev-parse --show-toplevel [2ms]
2024-08-07 13:17:11.680 [info] fatal: not a git repository (or any of the parent directories): .git
